c:\users\asus\desktop\учёба\прога\код\clientforc++\clientforc++\x64\release\vc143.pdb
c:\users\asus\desktop\учёба\прога\код\clientforc++\clientforc++\x64\release\source.obj
c:\users\asus\desktop\учёба\прога\код\clientforc++\clientforc++\x64\release\settingsmenuairrigation.obj
c:\users\asus\desktop\учёба\прога\код\clientforc++\clientforc++\x64\release\settingsautoirrigation.obj
c:\users\asus\desktop\учёба\прога\код\clientforc++\clientforc++\x64\release\serializemenualirrigation.obj
c:\users\asus\desktop\учёба\прога\код\clientforc++\clientforc++\x64\release\serializeautoirrigation.obj
c:\users\asus\desktop\учёба\прога\код\clientforc++\clientforc++\x64\release\serialize.obj
c:\users\asus\desktop\учёба\прога\код\clientforc++\clientforc++\x64\release\network.obj
c:\users\asus\desktop\учёба\прога\код\clientforc++\clientforc++\x64\release\manualsettingsdialog.obj
c:\users\asus\desktop\учёба\прога\код\clientforc++\clientforc++\x64\release\irrigation.obj
c:\users\asus\desktop\учёба\прога\код\clientforc++\clientforc++\x64\release\infoaboutirrigation.obj
c:\users\asus\desktop\учёба\прога\код\clientforc++\clientforc++\x64\release\drawdonutchart.obj
c:\users\asus\desktop\учёба\прога\код\clientforc++\clientforc++\x64\release\connectionsettingsdialog.obj
c:\users\asus\desktop\учёба\прога\код\clientforc++\clientforc++\x64\release\autosettingsdialog.obj
c:\users\asus\desktop\учёба\прога\код\clientforc++\x64\release\clientforc++.exe
c:\users\asus\desktop\учёба\прога\код\clientforc++\clientforc++\x64\release\clientforc++.ipdb
c:\users\asus\desktop\учёба\прога\код\clientforc++\x64\release\clientforc++.pdb
c:\users\asus\desktop\учёба\прога\код\clientforc++\clientforc++\x64\release\clientforc++.iobj
c:\users\asus\desktop\учёба\прога\код\clientforc++\clientforc++\x64\release\resource.res
c:\users\asus\desktop\учёба\прога\код\clientforc++\clientforc++\x64\release\clientforc++.tlog\cl.command.1.tlog
c:\users\asus\desktop\учёба\прога\код\clientforc++\clientforc++\x64\release\clientforc++.tlog\cl.read.1.tlog
c:\users\asus\desktop\учёба\прога\код\clientforc++\clientforc++\x64\release\clientforc++.tlog\cl.write.1.tlog
c:\users\asus\desktop\учёба\прога\код\clientforc++\clientforc++\x64\release\clientforc++.tlog\link.command.1.tlog
c:\users\asus\desktop\учёба\прога\код\clientforc++\clientforc++\x64\release\clientforc++.tlog\link.read.1.tlog
c:\users\asus\desktop\учёба\прога\код\clientforc++\clientforc++\x64\release\clientforc++.tlog\link.write.1.tlog
c:\users\asus\desktop\учёба\прога\код\clientforc++\clientforc++\x64\release\clientforc++.tlog\rc.command.1.tlog
c:\users\asus\desktop\учёба\прога\код\clientforc++\clientforc++\x64\release\clientforc++.tlog\rc.read.1.tlog
c:\users\asus\desktop\учёба\прога\код\clientforc++\clientforc++\x64\release\clientforc++.tlog\rc.write.1.tlog
