c:\users\asus\desktop\учёба\прога\код\clientforc++\clientforc++\x64\debug\vc143.pdb
c:\users\asus\desktop\учёба\прога\код\clientforc++\clientforc++\x64\debug\vc143.idb
c:\users\asus\desktop\учёба\прога\код\clientforc++\clientforc++\x64\debug\source.obj
c:\users\asus\desktop\учёба\прога\код\clientforc++\clientforc++\x64\debug\settingsmenuairrigation.obj
c:\users\asus\desktop\учёба\прога\код\clientforc++\clientforc++\x64\debug\settingsautoirrigation.obj
c:\users\asus\desktop\учёба\прога\код\clientforc++\clientforc++\x64\debug\serializemenualirrigation.obj
c:\users\asus\desktop\учёба\прога\код\clientforc++\clientforc++\x64\debug\serializeautoirrigation.obj
c:\users\asus\desktop\учёба\прога\код\clientforc++\clientforc++\x64\debug\serialize.obj
c:\users\asus\desktop\учёба\прога\код\clientforc++\clientforc++\x64\debug\network.obj
c:\users\asus\desktop\учёба\прога\код\clientforc++\clientforc++\x64\debug\manualsettingsdialog.obj
c:\users\asus\desktop\учёба\прога\код\clientforc++\clientforc++\x64\debug\irrigation.obj
c:\users\asus\desktop\учёба\прога\код\clientforc++\clientforc++\x64\debug\infoaboutirrigation.obj
c:\users\asus\desktop\учёба\прога\код\clientforc++\clientforc++\x64\debug\drawdonutchart.obj
c:\users\asus\desktop\учёба\прога\код\clientforc++\clientforc++\x64\debug\connectionsettingsdialog.obj
c:\users\asus\desktop\учёба\прога\код\clientforc++\clientforc++\x64\debug\autosettingsdialog.obj
c:\users\asus\desktop\учёба\прога\код\clientforc++\x64\debug\clientforc++.exe
c:\users\asus\desktop\учёба\прога\код\clientforc++\clientforc++\x64\debug\clientforc++.ilk
c:\users\asus\desktop\учёба\прога\код\clientforc++\x64\debug\clientforc++.pdb
c:\users\asus\desktop\учёба\прога\код\clientforc++\clientforc++\x64\debug\resource.res
c:\users\asus\desktop\учёба\прога\код\clientforc++\clientforc++\x64\debug\clientforc++.tlog\cl.command.1.tlog
c:\users\asus\desktop\учёба\прога\код\clientforc++\clientforc++\x64\debug\clientforc++.tlog\cl.read.1.tlog
c:\users\asus\desktop\учёба\прога\код\clientforc++\clientforc++\x64\debug\clientforc++.tlog\cl.write.1.tlog
c:\users\asus\desktop\учёба\прога\код\clientforc++\clientforc++\x64\debug\clientforc++.tlog\link.command.1.tlog
c:\users\asus\desktop\учёба\прога\код\clientforc++\clientforc++\x64\debug\clientforc++.tlog\link.read.1.tlog
c:\users\asus\desktop\учёба\прога\код\clientforc++\clientforc++\x64\debug\clientforc++.tlog\link.write.1.tlog
c:\users\asus\desktop\учёба\прога\код\clientforc++\clientforc++\x64\debug\clientforc++.tlog\rc.command.1.tlog
c:\users\asus\desktop\учёба\прога\код\clientforc++\clientforc++\x64\debug\clientforc++.tlog\rc.read.1.tlog
c:\users\asus\desktop\учёба\прога\код\clientforc++\clientforc++\x64\debug\clientforc++.tlog\rc.write.1.tlog
